[ 2018-04-23T09:00:29+08:00 ] 127.0.0.1 /Home/Login/login
INFO: [ app_init ] --START--
INFO: Run Behavior\BuildLiteBehavior [ RunTime:0.000034s ]
INFO: [ app_init ] --END-- [ RunTime:0.033979s ]

[ 2018-04-23T10:07:20+08:00 ] 127.0.0.1 /Home/Login/login
INFO: [ app_init ] --START--
INFO: Run Behavior\BuildLiteBehavior [ RunTime:0.000020s ]
INFO: [ app_init ] --END-- [ RunTime:0.025380s ]

[ 2018-04-23T10:09:14+08:00 ] 127.0.0.1 /Home/Login/login
INFO: [ app_init ] --START--
INFO: Run Behavior\BuildLiteBehavior [ RunTime:0.000029s ]
INFO: [ app_init ] --END-- [ RunTime:0.000536s ]

[ 2018-04-23T10:09:32+08:00 ] 127.0.0.1 /Home/Login/registerAccount
INFO: [ app_init ] --START--
INFO: Run Behavior\BuildLiteBehavior [ RunTime:0.000018s ]
INFO: [ app_init ] --END-- [ RunTime:0.000340s ]
INFO: [ app_begin ] --START--
INFO: Run Behavior\ReadHtmlCacheBehavior [ RunTime:0.000434s ]
INFO: [ app_begin ] --END-- [ RunTime:0.000510s ]
SQL: SHOW COLUMNS FROM `user` [ RunTime:0.0021s ]
NOTIC: [8] Undefined index: validate E:\www\personalhomepage\ThinkPHP\Library\Think\Model.class.php 第 1185 行.
NOTIC: [8] Undefined index: auto E:\www\personalhomepage\ThinkPHP\Library\Think\Model.class.php 第 1128 行.
SQL: SHOW COLUMNS FROM `user` [ RunTime:0.0006s ]
SQL: SHOW COLUMNS FROM `testcode` [ RunTime:0.0009s ]
SQL: SELECT COUNT(*) AS tp_count FROM `testcode` WHERE `code` = 'testone' AND ( maxnum > nownum ) LIMIT 1   [ RunTime:0.0633s ]
SQL: SELECT COUNT(*) AS tp_count FROM `user` WHERE `account` = 'a84997707' LIMIT 1   [ RunTime:0.0002s ]
SQL: SELECT COUNT(*) AS tp_count FROM `user` WHERE `username` = '熊' LIMIT 1   [ RunTime:0.0002s ]
SQL: INSERT INTO `user` (`username`,`password`,`account`,`title`,`createtime`) VALUES ('熊','a510e77164717dea597564ad2dde3a36','a84997707','熊的小窝','2018-04-23 10-09-32') [ RunTime:0.0286s ]
SQL: UPDATE `testcode` SET `nownum`=nownum+1 WHERE `code` = 'testone' [ RunTime:0.0270s ]

[ 2018-04-23T10:12:43+08:00 ] 127.0.0.1 /Home/Login/login
INFO: [ app_init ] --START--
INFO: Run Behavior\BuildLiteBehavior [ RunTime:0.000020s ]
INFO: [ app_init ] --END-- [ RunTime:0.000373s ]

[ 2018-04-23T10:13:10+08:00 ] 127.0.0.1 /Home/Login/loginIn
INFO: [ app_init ] --START--
INFO: Run Behavior\BuildLiteBehavior [ RunTime:0.000019s ]
INFO: [ app_init ] --END-- [ RunTime:0.000329s ]
INFO: [ app_begin ] --START--
INFO: Run Behavior\ReadHtmlCacheBehavior [ RunTime:0.000302s ]
INFO: [ app_begin ] --END-- [ RunTime:0.000370s ]
SQL: SHOW COLUMNS FROM `user` [ RunTime:0.0010s ]
NOTIC: [8] Undefined index: validate E:\www\personalhomepage\ThinkPHP\Library\Think\Model.class.php 第 1185 行.
NOTIC: [8] Undefined index: auto E:\www\personalhomepage\ThinkPHP\Library\Think\Model.class.php 第 1128 行.
SQL: SHOW COLUMNS FROM `user` [ RunTime:0.0122s ]
SQL: SELECT COUNT(*) AS tp_count FROM `user` WHERE `account` = 'ga' AND `password` = '202cb962ac59075b964b07152d234b70' LIMIT 1   [ RunTime:0.0003s ]

